<?xml version="1.0" encoding="UTF-8"?>
<!-- Generated by org.testng.reporters.JUnitReportReporter -->
<testsuite skipped="0" hostname="CDC2-D-4TMC152" name="demo" tests="1" failures="0" timestamp="31 May 2018 04:50:07 GMT" time="0.004" errors="0">
  <testcase name="f" time="0.004" classname="demo"/>
</testsuite> <!-- demo -->
